{"C:\\Users\\Ana Clara Lelis\\Documents\\MeuProjetos\\sistema-gestao-pedidos\\src\\carrinho.js": {"path":"C:\\Users\\Ana Clara Lelis\\Documents\\MeuProjetos\\sistema-gestao-pedidos\\src\\carrinho.js","statementMap":{"0":{"start":{"line":2,"column":2},"end":{"line":4,"column":3}},"1":{"start":{"line":3,"column":4},"end":{"line":3,"column":41}},"2":{"start":{"line":6,"column":2},"end":{"line":8,"column":3}},"3":{"start":{"line":7,"column":4},"end":{"line":7,"column":40}},"4":{"start":{"line":10,"column":2},"end":{"line":12,"column":3}},"5":{"start":{"line":11,"column":4},"end":{"line":11,"column":55}},"6":{"start":{"line":14,"column":2},"end":{"line":16,"column":3}},"7":{"start":{"line":15,"column":4},"end":{"line":15,"column":43}},"8":{"start":{"line":18,"column":2},"end":{"line":20,"column":3}},"9":{"start":{"line":19,"column":4},"end":{"line":19,"column":44}},"10":{"start":{"line":22,"column":15},"end":{"line":22,"column":62}},"11":{"start":{"line":22,"column":34},"end":{"line":22,"column":61}},"12":{"start":{"line":24,"column":2},"end":{"line":31,"column":3}},"13":{"start":{"line":25,"column":4},"end":{"line":25,"column":34}},"14":{"start":{"line":27,"column":4},"end":{"line":30,"column":7}},"15":{"start":{"line":33,"column":2},"end":{"line":33,"column":32}},"16":{"start":{"line":35,"column":2},"end":{"line":35,"column":18}},"17":{"start":{"line":39,"column":2},"end":{"line":41,"column":3}},"18":{"start":{"line":40,"column":4},"end":{"line":40,"column":41}},"19":{"start":{"line":43,"column":16},"end":{"line":43,"column":67}},"20":{"start":{"line":43,"column":40},"end":{"line":43,"column":66}},"21":{"start":{"line":45,"column":2},"end":{"line":47,"column":3}},"22":{"start":{"line":46,"column":4},"end":{"line":46,"column":52}},"23":{"start":{"line":49,"column":23},"end":{"line":49,"column":38}},"24":{"start":{"line":51,"column":2},"end":{"line":51,"column":58}},"25":{"start":{"line":53,"column":2},"end":{"line":53,"column":28}},"26":{"start":{"line":55,"column":2},"end":{"line":55,"column":18}},"27":{"start":{"line":59,"column":2},"end":{"line":61,"column":3}},"28":{"start":{"line":60,"column":4},"end":{"line":60,"column":41}},"29":{"start":{"line":63,"column":2},"end":{"line":65,"column":3}},"30":{"start":{"line":64,"column":4},"end":{"line":64,"column":13}},"31":{"start":{"line":67,"column":14},"end":{"line":67,"column":15}},"32":{"start":{"line":69,"column":2},"end":{"line":71,"column":5}},"33":{"start":{"line":70,"column":4},"end":{"line":70,"column":50}},"34":{"start":{"line":73,"column":2},"end":{"line":73,"column":15}},"35":{"start":{"line":76,"column":0},"end":{"line":80,"column":2}}},"fnMap":{"0":{"name":"adicionarAoCarrinho","decl":{"start":{"line":1,"column":9},"end":{"line":1,"column":28}},"loc":{"start":{"line":1,"column":60},"end":{"line":36,"column":1}},"line":1},"1":{"name":"(anonymous_1)","decl":{"start":{"line":22,"column":29},"end":{"line":22,"column":30}},"loc":{"start":{"line":22,"column":34},"end":{"line":22,"column":61}},"line":22},"2":{"name":"removerDoCarrinho","decl":{"start":{"line":38,"column":9},"end":{"line":38,"column":26}},"loc":{"start":{"line":38,"column":48},"end":{"line":56,"column":1}},"line":38},"3":{"name":"(anonymous_3)","decl":{"start":{"line":43,"column":35},"end":{"line":43,"column":36}},"loc":{"start":{"line":43,"column":40},"end":{"line":43,"column":66}},"line":43},"4":{"name":"calcularSubtotal","decl":{"start":{"line":58,"column":9},"end":{"line":58,"column":25}},"loc":{"start":{"line":58,"column":36},"end":{"line":74,"column":1}},"line":58},"5":{"name":"(anonymous_5)","decl":{"start":{"line":69,"column":19},"end":{"line":69,"column":20}},"loc":{"start":{"line":69,"column":27},"end":{"line":71,"column":3}},"line":69}},"branchMap":{"0":{"loc":{"start":{"line":2,"column":2},"end":{"line":4,"column":3}},"type":"if","locations":[{"start":{"line":2,"column":2},"end":{"line":4,"column":3}},{"start":{},"end":{}}],"line":2},"1":{"loc":{"start":{"line":6,"column":2},"end":{"line":8,"column":3}},"type":"if","locations":[{"start":{"line":6,"column":2},"end":{"line":8,"column":3}},{"start":{},"end":{}}],"line":6},"2":{"loc":{"start":{"line":6,"column":6},"end":{"line":6,"column":45}},"type":"binary-expr","locations":[{"start":{"line":6,"column":6},"end":{"line":6,"column":14}},{"start":{"line":6,"column":18},"end":{"line":6,"column":45}}],"line":6},"3":{"loc":{"start":{"line":10,"column":2},"end":{"line":12,"column":3}},"type":"if","locations":[{"start":{"line":10,"column":2},"end":{"line":12,"column":3}},{"start":{},"end":{}}],"line":10},"4":{"loc":{"start":{"line":14,"column":2},"end":{"line":16,"column":3}},"type":"if","locations":[{"start":{"line":14,"column":2},"end":{"line":16,"column":3}},{"start":{},"end":{}}],"line":14},"5":{"loc":{"start":{"line":18,"column":2},"end":{"line":20,"column":3}},"type":"if","locations":[{"start":{"line":18,"column":2},"end":{"line":20,"column":3}},{"start":{},"end":{}}],"line":18},"6":{"loc":{"start":{"line":24,"column":2},"end":{"line":31,"column":3}},"type":"if","locations":[{"start":{"line":24,"column":2},"end":{"line":31,"column":3}},{"start":{"line":26,"column":9},"end":{"line":31,"column":3}}],"line":24},"7":{"loc":{"start":{"line":39,"column":2},"end":{"line":41,"column":3}},"type":"if","locations":[{"start":{"line":39,"column":2},"end":{"line":41,"column":3}},{"start":{},"end":{}}],"line":39},"8":{"loc":{"start":{"line":45,"column":2},"end":{"line":47,"column":3}},"type":"if","locations":[{"start":{"line":45,"column":2},"end":{"line":47,"column":3}},{"start":{},"end":{}}],"line":45},"9":{"loc":{"start":{"line":59,"column":2},"end":{"line":61,"column":3}},"type":"if","locations":[{"start":{"line":59,"column":2},"end":{"line":61,"column":3}},{"start":{},"end":{}}],"line":59},"10":{"loc":{"start":{"line":63,"column":2},"end":{"line":65,"column":3}},"type":"if","locations":[{"start":{"line":63,"column":2},"end":{"line":65,"column":3}},{"start":{},"end":{}}],"line":63}},"s":{"0":11,"1":1,"2":10,"3":1,"4":9,"5":1,"6":8,"7":1,"8":7,"9":1,"10":6,"11":1,"12":6,"13":1,"14":5,"15":6,"16":6,"17":4,"18":1,"19":3,"20":2,"21":3,"22":1,"23":2,"24":2,"25":2,"26":2,"27":4,"28":1,"29":3,"30":1,"31":2,"32":2,"33":3,"34":2,"35":1},"f":{"0":11,"1":1,"2":4,"3":2,"4":4,"5":3},"b":{"0":[1,10],"1":[1,9],"2":[10,9],"3":[1,8],"4":[1,7],"5":[1,6],"6":[1,5],"7":[1,3],"8":[1,2],"9":[1,3],"10":[1,2]},"_coverageSchema":"1a1c01bbd47fc00a2c39e90264f33305004495a9","hash":"166e6021748914697d40707eb661f80051ddc36c"}
,"C:\\Users\\Ana Clara Lelis\\Documents\\MeuProjetos\\sistema-gestao-pedidos\\src\\pedido.js": {"path":"C:\\Users\\Ana Clara Lelis\\Documents\\MeuProjetos\\sistema-gestao-pedidos\\src\\pedido.js","statementMap":{"0":{"start":{"line":1,"column":29},"end":{"line":1,"column":53}},"1":{"start":{"line":3,"column":23},"end":{"line":6,"column":1}},"2":{"start":{"line":8,"column":34},"end":{"line":8,"column":37}},"3":{"start":{"line":11,"column":2},"end":{"line":11,"column":32}},"4":{"start":{"line":11,"column":14},"end":{"line":11,"column":32}},"5":{"start":{"line":13,"column":19},"end":{"line":13,"column":54}},"6":{"start":{"line":15,"column":2},"end":{"line":17,"column":3}},"7":{"start":{"line":16,"column":4},"end":{"line":16,"column":38}},"8":{"start":{"line":19,"column":2},"end":{"line":19,"column":37}},"9":{"start":{"line":23,"column":2},"end":{"line":25,"column":3}},"10":{"start":{"line":24,"column":4},"end":{"line":24,"column":13}},"11":{"start":{"line":27,"column":2},"end":{"line":29,"column":3}},"12":{"start":{"line":28,"column":4},"end":{"line":28,"column":36}},"13":{"start":{"line":31,"column":2},"end":{"line":31,"column":39}},"14":{"start":{"line":35,"column":2},"end":{"line":37,"column":3}},"15":{"start":{"line":36,"column":4},"end":{"line":36,"column":72}},"16":{"start":{"line":39,"column":2},"end":{"line":41,"column":3}},"17":{"start":{"line":40,"column":4},"end":{"line":40,"column":52}},"18":{"start":{"line":43,"column":19},"end":{"line":43,"column":45}},"19":{"start":{"line":44,"column":27},"end":{"line":44,"column":56}},"20":{"start":{"line":45,"column":21},"end":{"line":45,"column":65}},"21":{"start":{"line":46,"column":21},"end":{"line":46,"column":50}},"22":{"start":{"line":48,"column":2},"end":{"line":55,"column":4}},"23":{"start":{"line":58,"column":0},"end":{"line":62,"column":2}}},"fnMap":{"0":{"name":"aplicarCupom","decl":{"start":{"line":10,"column":9},"end":{"line":10,"column":21}},"loc":{"start":{"line":10,"column":41},"end":{"line":20,"column":1}},"line":10},"1":{"name":"calcularFrete","decl":{"start":{"line":22,"column":9},"end":{"line":22,"column":22}},"loc":{"start":{"line":22,"column":41},"end":{"line":32,"column":1}},"line":22},"2":{"name":"fecharPedido","decl":{"start":{"line":34,"column":9},"end":{"line":34,"column":21}},"loc":{"start":{"line":34,"column":48},"end":{"line":56,"column":1}},"line":34}},"branchMap":{"0":{"loc":{"start":{"line":11,"column":2},"end":{"line":11,"column":32}},"type":"if","locations":[{"start":{"line":11,"column":2},"end":{"line":11,"column":32}},{"start":{},"end":{}}],"line":11},"1":{"loc":{"start":{"line":15,"column":2},"end":{"line":17,"column":3}},"type":"if","locations":[{"start":{"line":15,"column":2},"end":{"line":17,"column":3}},{"start":{},"end":{}}],"line":15},"2":{"loc":{"start":{"line":23,"column":2},"end":{"line":25,"column":3}},"type":"if","locations":[{"start":{"line":23,"column":2},"end":{"line":25,"column":3}},{"start":{},"end":{}}],"line":23},"3":{"loc":{"start":{"line":27,"column":2},"end":{"line":29,"column":3}},"type":"if","locations":[{"start":{"line":27,"column":2},"end":{"line":29,"column":3}},{"start":{},"end":{}}],"line":27},"4":{"loc":{"start":{"line":27,"column":6},"end":{"line":27,"column":28}},"type":"binary-expr","locations":[{"start":{"line":27,"column":6},"end":{"line":27,"column":10}},{"start":{"line":27,"column":14},"end":{"line":27,"column":28}}],"line":27},"5":{"loc":{"start":{"line":31,"column":9},"end":{"line":31,"column":38}},"type":"cond-expr","locations":[{"start":{"line":31,"column":31},"end":{"line":31,"column":33}},{"start":{"line":31,"column":36},"end":{"line":31,"column":38}}],"line":31},"6":{"loc":{"start":{"line":35,"column":2},"end":{"line":37,"column":3}},"type":"if","locations":[{"start":{"line":35,"column":2},"end":{"line":37,"column":3}},{"start":{},"end":{}}],"line":35},"7":{"loc":{"start":{"line":35,"column":6},"end":{"line":35,"column":40}},"type":"binary-expr","locations":[{"start":{"line":35,"column":6},"end":{"line":35,"column":15}},{"start":{"line":35,"column":19},"end":{"line":35,"column":40}}],"line":35},"8":{"loc":{"start":{"line":39,"column":2},"end":{"line":41,"column":3}},"type":"if","locations":[{"start":{"line":39,"column":2},"end":{"line":41,"column":3}},{"start":{},"end":{}}],"line":39},"9":{"loc":{"start":{"line":39,"column":6},"end":{"line":39,"column":47}},"type":"binary-expr","locations":[{"start":{"line":39,"column":6},"end":{"line":39,"column":14}},{"start":{"line":39,"column":18},"end":{"line":39,"column":31}},{"start":{"line":39,"column":35},"end":{"line":39,"column":47}}],"line":39}},"s":{"0":1,"1":1,"2":1,"3":6,"4":2,"5":4,"6":4,"7":1,"8":3,"9":6,"10":2,"11":4,"12":1,"13":3,"14":4,"15":1,"16":3,"17":1,"18":2,"19":2,"20":2,"21":2,"22":2,"23":1},"f":{"0":6,"1":6,"2":4},"b":{"0":[2,4],"1":[1,3],"2":[2,4],"3":[1,3],"4":[4,4],"5":[2,1],"6":[1,3],"7":[4,4],"8":[1,2],"9":[3,3,3]},"_coverageSchema":"1a1c01bbd47fc00a2c39e90264f33305004495a9","hash":"2f9f33dac647a3607e3f067448afcdc98cb48173"}
,"C:\\Users\\Ana Clara Lelis\\Documents\\MeuProjetos\\sistema-gestao-pedidos\\src\\produto.js": {"path":"C:\\Users\\Ana Clara Lelis\\Documents\\MeuProjetos\\sistema-gestao-pedidos\\src\\produto.js","statementMap":{"0":{"start":{"line":1,"column":17},"end":{"line":1,"column":19}},"1":{"start":{"line":5,"column":2},"end":{"line":7,"column":3}},"2":{"start":{"line":6,"column":4},"end":{"line":6,"column":45}},"3":{"start":{"line":9,"column":2},"end":{"line":17,"column":3}},"4":{"start":{"line":16,"column":4},"end":{"line":16,"column":67}},"5":{"start":{"line":20,"column":2},"end":{"line":22,"column":3}},"6":{"start":{"line":21,"column":4},"end":{"line":21,"column":51}},"7":{"start":{"line":25,"column":2},"end":{"line":27,"column":3}},"8":{"start":{"line":26,"column":4},"end":{"line":26,"column":53}},"9":{"start":{"line":30,"column":2},"end":{"line":30,"column":25}},"10":{"start":{"line":33,"column":2},"end":{"line":33,"column":17}},"11":{"start":{"line":39,"column":24},"end":{"line":39,"column":28}},"12":{"start":{"line":41,"column":2},"end":{"line":47,"column":3}},"13":{"start":{"line":41,"column":15},"end":{"line":41,"column":16}},"14":{"start":{"line":42,"column":4},"end":{"line":46,"column":5}},"15":{"start":{"line":43,"column":6},"end":{"line":43,"column":36}},"16":{"start":{"line":44,"column":6},"end":{"line":44,"column":28}},"17":{"start":{"line":45,"column":6},"end":{"line":45,"column":12}},"18":{"start":{"line":49,"column":2},"end":{"line":51,"column":3}},"19":{"start":{"line":50,"column":4},"end":{"line":50,"column":46}},"20":{"start":{"line":53,"column":2},"end":{"line":53,"column":25}},"21":{"start":{"line":59,"column":18},"end":{"line":59,"column":61}},"22":{"start":{"line":59,"column":43},"end":{"line":59,"column":60}},"23":{"start":{"line":62,"column":2},"end":{"line":64,"column":3}},"24":{"start":{"line":63,"column":4},"end":{"line":63,"column":46}},"25":{"start":{"line":67,"column":2},"end":{"line":69,"column":3}},"26":{"start":{"line":68,"column":4},"end":{"line":68,"column":51}},"27":{"start":{"line":72,"column":2},"end":{"line":74,"column":3}},"28":{"start":{"line":73,"column":4},"end":{"line":73,"column":53}},"29":{"start":{"line":77,"column":2},"end":{"line":77,"column":37}},"30":{"start":{"line":80,"column":2},"end":{"line":80,"column":17}},"31":{"start":{"line":85,"column":2},"end":{"line":85,"column":18}},"32":{"start":{"line":89,"column":2},"end":{"line":89,"column":53}},"33":{"start":{"line":89,"column":34},"end":{"line":89,"column":51}},"34":{"start":{"line":93,"column":0},"end":{"line":100,"column":2}}},"fnMap":{"0":{"name":"cadastrarProduto","decl":{"start":{"line":3,"column":9},"end":{"line":3,"column":25}},"loc":{"start":{"line":3,"column":35},"end":{"line":34,"column":1}},"line":3},"1":{"name":"excluirProduto","decl":{"start":{"line":37,"column":9},"end":{"line":37,"column":23}},"loc":{"start":{"line":37,"column":28},"end":{"line":54,"column":1}},"line":37},"2":{"name":"editarProduto","decl":{"start":{"line":57,"column":9},"end":{"line":57,"column":22}},"loc":{"start":{"line":57,"column":39},"end":{"line":81,"column":1}},"line":57},"3":{"name":"(anonymous_3)","decl":{"start":{"line":59,"column":32},"end":{"line":59,"column":33}},"loc":{"start":{"line":59,"column":43},"end":{"line":59,"column":60}},"line":59},"4":{"name":"listarProdutos","decl":{"start":{"line":84,"column":9},"end":{"line":84,"column":23}},"loc":{"start":{"line":84,"column":26},"end":{"line":86,"column":1}},"line":84},"5":{"name":"buscarProdutoPorId","decl":{"start":{"line":88,"column":9},"end":{"line":88,"column":27}},"loc":{"start":{"line":88,"column":32},"end":{"line":90,"column":1}},"line":88},"6":{"name":"(anonymous_6)","decl":{"start":{"line":89,"column":23},"end":{"line":89,"column":24}},"loc":{"start":{"line":89,"column":34},"end":{"line":89,"column":51}},"line":89}},"branchMap":{"0":{"loc":{"start":{"line":5,"column":2},"end":{"line":7,"column":3}},"type":"if","locations":[{"start":{"line":5,"column":2},"end":{"line":7,"column":3}},{"start":{},"end":{}}],"line":5},"1":{"loc":{"start":{"line":9,"column":2},"end":{"line":17,"column":3}},"type":"if","locations":[{"start":{"line":9,"column":2},"end":{"line":17,"column":3}},{"start":{},"end":{}}],"line":9},"2":{"loc":{"start":{"line":10,"column":4},"end":{"line":14,"column":22}},"type":"binary-expr","locations":[{"start":{"line":10,"column":4},"end":{"line":10,"column":28}},{"start":{"line":11,"column":4},"end":{"line":11,"column":17}},{"start":{"line":12,"column":4},"end":{"line":12,"column":31}},{"start":{"line":13,"column":4},"end":{"line":13,"column":33}},{"start":{"line":14,"column":4},"end":{"line":14,"column":22}}],"line":10},"3":{"loc":{"start":{"line":20,"column":2},"end":{"line":22,"column":3}},"type":"if","locations":[{"start":{"line":20,"column":2},"end":{"line":22,"column":3}},{"start":{},"end":{}}],"line":20},"4":{"loc":{"start":{"line":25,"column":2},"end":{"line":27,"column":3}},"type":"if","locations":[{"start":{"line":25,"column":2},"end":{"line":27,"column":3}},{"start":{},"end":{}}],"line":25},"5":{"loc":{"start":{"line":42,"column":4},"end":{"line":46,"column":5}},"type":"if","locations":[{"start":{"line":42,"column":4},"end":{"line":46,"column":5}},{"start":{},"end":{}}],"line":42},"6":{"loc":{"start":{"line":49,"column":2},"end":{"line":51,"column":3}},"type":"if","locations":[{"start":{"line":49,"column":2},"end":{"line":51,"column":3}},{"start":{},"end":{}}],"line":49},"7":{"loc":{"start":{"line":62,"column":2},"end":{"line":64,"column":3}},"type":"if","locations":[{"start":{"line":62,"column":2},"end":{"line":64,"column":3}},{"start":{},"end":{}}],"line":62},"8":{"loc":{"start":{"line":67,"column":2},"end":{"line":69,"column":3}},"type":"if","locations":[{"start":{"line":67,"column":2},"end":{"line":69,"column":3}},{"start":{},"end":{}}],"line":67},"9":{"loc":{"start":{"line":67,"column":6},"end":{"line":67,"column":60}},"type":"binary-expr","locations":[{"start":{"line":67,"column":6},"end":{"line":67,"column":36}},{"start":{"line":67,"column":40},"end":{"line":67,"column":60}}],"line":67},"10":{"loc":{"start":{"line":72,"column":2},"end":{"line":74,"column":3}},"type":"if","locations":[{"start":{"line":72,"column":2},"end":{"line":74,"column":3}},{"start":{},"end":{}}],"line":72},"11":{"loc":{"start":{"line":72,"column":6},"end":{"line":72,"column":64}},"type":"binary-expr","locations":[{"start":{"line":72,"column":6},"end":{"line":72,"column":38}},{"start":{"line":72,"column":42},"end":{"line":72,"column":64}}],"line":72}},"s":{"0":1,"1":26,"2":1,"3":25,"4":1,"5":24,"6":1,"7":23,"8":1,"9":22,"10":22,"11":4,"12":4,"13":4,"14":4,"15":3,"16":3,"17":3,"18":4,"19":1,"20":3,"21":4,"22":3,"23":4,"24":1,"25":3,"26":1,"27":2,"28":1,"29":1,"30":1,"31":5,"32":4,"33":5,"34":1},"f":{"0":26,"1":4,"2":4,"3":3,"4":5,"5":4,"6":5},"b":{"0":[1,25],"1":[1,24],"2":[25,25,25,25,24],"3":[1,23],"4":[1,22],"5":[3,1],"6":[1,3],"7":[1,3],"8":[1,2],"9":[3,2],"10":[1,1],"11":[2,1]},"_coverageSchema":"1a1c01bbd47fc00a2c39e90264f33305004495a9","hash":"ceb9d831020566154bcc8e469d3836bcb2256a92"}
}
