TN:
SF:src\carrinho.js
FN:1,adicionarAoCarrinho
FN:22,(anonymous_1)
FN:38,removerDoCarrinho
FN:43,(anonymous_3)
FN:58,calcularSubtotal
FN:69,(anonymous_5)
FNF:6
FNH:6
FNDA:11,adicionarAoCarrinho
FNDA:1,(anonymous_1)
FNDA:4,removerDoCarrinho
FNDA:2,(anonymous_3)
FNDA:4,calcularSubtotal
FNDA:3,(anonymous_5)
DA:2,11
DA:3,1
DA:6,10
DA:7,1
DA:10,9
DA:11,1
DA:14,8
DA:15,1
DA:18,7
DA:19,1
DA:22,6
DA:24,6
DA:25,1
DA:27,5
DA:33,6
DA:35,6
DA:39,4
DA:40,1
DA:43,3
DA:45,3
DA:46,1
DA:49,2
DA:51,2
DA:53,2
DA:55,2
DA:59,4
DA:60,1
DA:63,3
DA:64,1
DA:67,2
DA:69,2
DA:70,3
DA:73,2
DA:76,1
LF:34
LH:34
BRDA:2,0,0,1
BRDA:2,0,1,10
BRDA:6,1,0,1
BRDA:6,1,1,9
BRDA:6,2,0,10
BRDA:6,2,1,9
BRDA:10,3,0,1
BRDA:10,3,1,8
BRDA:14,4,0,1
BRDA:14,4,1,7
BRDA:18,5,0,1
BRDA:18,5,1,6
BRDA:24,6,0,1
BRDA:24,6,1,5
BRDA:39,7,0,1
BRDA:39,7,1,3
BRDA:45,8,0,1
BRDA:45,8,1,2
BRDA:59,9,0,1
BRDA:59,9,1,3
BRDA:63,10,0,1
BRDA:63,10,1,2
BRF:22
BRH:22
end_of_record
TN:
SF:src\pedido.js
FN:10,aplicarCupom
FN:22,calcularFrete
FN:34,fecharPedido
FNF:3
FNH:3
FNDA:6,aplicarCupom
FNDA:6,calcularFrete
FNDA:4,fecharPedido
DA:1,1
DA:3,1
DA:8,1
DA:11,6
DA:13,4
DA:15,4
DA:16,1
DA:19,3
DA:23,6
DA:24,2
DA:27,4
DA:28,1
DA:31,3
DA:35,4
DA:36,1
DA:39,3
DA:40,1
DA:43,2
DA:44,2
DA:45,2
DA:46,2
DA:48,2
DA:58,1
LF:23
LH:23
BRDA:11,0,0,2
BRDA:11,0,1,4
BRDA:15,1,0,1
BRDA:15,1,1,3
BRDA:23,2,0,2
BRDA:23,2,1,4
BRDA:27,3,0,1
BRDA:27,3,1,3
BRDA:27,4,0,4
BRDA:27,4,1,4
BRDA:31,5,0,2
BRDA:31,5,1,1
BRDA:35,6,0,1
BRDA:35,6,1,3
BRDA:35,7,0,4
BRDA:35,7,1,4
BRDA:39,8,0,1
BRDA:39,8,1,2
BRDA:39,9,0,3
BRDA:39,9,1,3
BRDA:39,9,2,3
BRF:21
BRH:21
end_of_record
TN:
SF:src\produto.js
FN:3,cadastrarProduto
FN:37,excluirProduto
FN:57,editarProduto
FN:59,(anonymous_3)
FN:84,listarProdutos
FN:88,buscarProdutoPorId
FN:89,(anonymous_6)
FNF:7
FNH:7
FNDA:26,cadastrarProduto
FNDA:4,excluirProduto
FNDA:4,editarProduto
FNDA:3,(anonymous_3)
FNDA:5,listarProdutos
FNDA:4,buscarProdutoPorId
FNDA:5,(anonymous_6)
DA:1,1
DA:5,26
DA:6,1
DA:9,25
DA:16,1
DA:20,24
DA:21,1
DA:25,23
DA:26,1
DA:30,22
DA:33,22
DA:39,4
DA:41,4
DA:42,4
DA:43,3
DA:44,3
DA:45,3
DA:49,4
DA:50,1
DA:53,3
DA:59,4
DA:62,4
DA:63,1
DA:67,3
DA:68,1
DA:72,2
DA:73,1
DA:77,1
DA:80,1
DA:85,5
DA:89,5
DA:93,1
LF:32
LH:32
BRDA:5,0,0,1
BRDA:5,0,1,25
BRDA:9,1,0,1
BRDA:9,1,1,24
BRDA:10,2,0,25
BRDA:10,2,1,25
BRDA:10,2,2,25
BRDA:10,2,3,25
BRDA:10,2,4,24
BRDA:20,3,0,1
BRDA:20,3,1,23
BRDA:25,4,0,1
BRDA:25,4,1,22
BRDA:42,5,0,3
BRDA:42,5,1,1
BRDA:49,6,0,1
BRDA:49,6,1,3
BRDA:62,7,0,1
BRDA:62,7,1,3
BRDA:67,8,0,1
BRDA:67,8,1,2
BRDA:67,9,0,3
BRDA:67,9,1,2
BRDA:72,10,0,1
BRDA:72,10,1,1
BRDA:72,11,0,2
BRDA:72,11,1,1
BRF:27
BRH:27
end_of_record
